<?xml version="1.0" encoding="UTF-8"?>
<!-- Generated by org.testng.reporters.JUnitReportReporter -->
<testsuite hostname="Pujas-MacBook-Air.local" name="com.amzn.qa.testcases.HomePageTest" tests="5" failures="0" timestamp="6 Aug 2020 15:05:33 GMT" time="48.300" errors="0">
  <testcase name="productsTest" time="9.315" classname="com.amzn.qa.testcases.HomePageTest"/>
  <testcase name="homeuserloginnameTest" time="8.817" classname="com.amzn.qa.testcases.HomePageTest"/>
  <testcase name="viewallorderTest" time="9.193" classname="com.amzn.qa.testcases.HomePageTest"/>
  <testcase name="titleTest" time="8.522" classname="com.amzn.qa.testcases.HomePageTest"/>
  <testcase name="ordersTest" time="12.453" classname="com.amzn.qa.testcases.HomePageTest"/>
</testsuite> <!-- com.amzn.qa.testcases.HomePageTest -->
