<?xml version="1.0" encoding="UTF-8"?>
<!-- Generated by org.testng.reporters.JUnitReportReporter -->
<testsuite hostname="Pujas-MacBook-Air.local" name="com.amzn.qa.testcases.OrdersPageTest" tests="4" failures="0" timestamp="5 Aug 2020 14:23:59 GMT" time="53.563" errors="0">
  <testcase name="createneworderTest" time="9.795" classname="com.amzn.qa.testcases.OrdersPageTest"/>
  <testcase name="createneworderTest" time="9.954" classname="com.amzn.qa.testcases.OrdersPageTest"/>
  <testcase name="createneworderTest" time="24.239" classname="com.amzn.qa.testcases.OrdersPageTest"/>
  <testcase name="createneworderTest" time="9.575" classname="com.amzn.qa.testcases.OrdersPageTest"/>
</testsuite> <!-- com.amzn.qa.testcases.OrdersPageTest -->
