<?xml version="1.0" encoding="UTF-8"?>
<!-- Generated by org.testng.reporters.JUnitReportReporter -->
<testsuite hostname="Pujas-MacBook-Air.local" name="com.amzn.qa.testcases.ViewAllOrdersPageTest" tests="2" failures="0" timestamp="4 Aug 2020 13:29:48 GMT" time="17.994" errors="0">
  <testcase name="checkboxTest" time="9.137" classname="com.amzn.qa.testcases.ViewAllOrdersPageTest"/>
  <testcase name="labelTest" time="8.857" classname="com.amzn.qa.testcases.ViewAllOrdersPageTest"/>
</testsuite> <!-- com.amzn.qa.testcases.ViewAllOrdersPageTest -->
