<?xml version="1.0" encoding="UTF-8"?>
<!-- Generated by org.testng.reporters.JUnitReportReporter -->
<testsuite hostname="Pujas-MacBook-Air.local" name="com.amzn.qa.testcases.LoginPageTest" tests="4" failures="0" timestamp="4 Aug 2020 13:29:43 GMT" time="25.109" errors="0">
  <testcase name="loginPageLogin" time="8.172" classname="com.amzn.qa.testcases.LoginPageTest"/>
  <testcase name="loginPagePasswordlabelTest" time="5.563" classname="com.amzn.qa.testcases.LoginPageTest"/>
  <testcase name="loginPageUsernamelabelTest" time="5.730" classname="com.amzn.qa.testcases.LoginPageTest"/>
  <testcase name="loginPageTitleTest" time="5.644" classname="com.amzn.qa.testcases.LoginPageTest"/>
</testsuite> <!-- com.amzn.qa.testcases.LoginPageTest -->
